f:\xbox360midicontroller\processing\c++\xbox360control\consoleapplication5\debug\vc140.pdb
f:\xbox360midicontroller\processing\c++\xbox360control\consoleapplication5\debug\vc140.idb
f:\xbox360midicontroller\processing\c++\xbox360control\consoleapplication5\debug\rtmidi.obj
f:\xbox360midicontroller\processing\c++\xbox360control\consoleapplication5\debug\source.obj
c:\users\jack\documents\github\guitarheromidimapper\processing\c++\xbox360control\consoleapplication5\debug\vc140.pdb
c:\users\jack\documents\github\guitarheromidimapper\processing\c++\xbox360control\consoleapplication5\debug\vc140.idb
f:\guitarheromidimapper\processing\c++\xbox360control\consoleapplication5\debug\vc140.pdb
f:\guitarheromidimapper\processing\c++\xbox360control\consoleapplication5\debug\vc140.idb
f:\guitarheromidimapper\processing\c++\xbox360control\consoleapplication5\debug\rtmidi.obj
f:\xbox360midicontroller\processing\c++\xbox360control\debug\xbox360 control proj.ilk
f:\xbox360midicontroller\processing\c++\xbox360control\debug\xbox360 control proj.exe
f:\xbox360midicontroller\processing\c++\xbox360control\debug\xbox360 control proj.pdb
f:\guitarheromidimapper\processing\c++\xbox360control\debug\xbox360 control proj.pdb
f:\guitarheromidimapper\processing\c++\xbox360control\debug\xbox360 control proj.exe
f:\guitarheromidimapper\processing\c++\xbox360control\debug\xbox360 control proj.ilk
f:\guitarheromidimapper\processing\c++\xbox360control\consoleapplication5\debug\xbox360 .262d15d7.tlog\cl.command.1.tlog
f:\guitarheromidimapper\processing\c++\xbox360control\consoleapplication5\debug\xbox360 .262d15d7.tlog\cl.read.1.tlog
f:\guitarheromidimapper\processing\c++\xbox360control\consoleapplication5\debug\xbox360 .262d15d7.tlog\cl.write.1.tlog
f:\guitarheromidimapper\processing\c++\xbox360control\consoleapplication5\debug\xbox360 .262d15d7.tlog\link.command.1.tlog
f:\guitarheromidimapper\processing\c++\xbox360control\consoleapplication5\debug\xbox360 .262d15d7.tlog\link.read.1.tlog
f:\guitarheromidimapper\processing\c++\xbox360control\consoleapplication5\debug\xbox360 .262d15d7.tlog\link.write.1.tlog
